2018-10-07 03:16:43 [scrapy.utils.log] INFO: Scrapy 1.5.1 started (bot: scrapy_app)
2018-10-07 03:16:43 [scrapy.utils.log] INFO: Versions: lxml 4.2.3.0, libxml2 2.9.5, cssselect 1.0.3, parsel 1.5.0, w3lib 1.19.0, Twisted 18.7.0, Python 3.5.3 (v3.5.3:1880cb95a742, Jan 16 2017, 16:02:32) [MSC v.1900 64 bit (AMD64)], pyOpenSSL 18.0.0 (OpenSSL 1.1.0h  27 Mar 2018), cryptography 2.2.2, Platform Windows-8.1-6.3.9600-SP0
2018-10-07 03:16:43 [scrapy.crawler] INFO: Overridden settings: {'NEWSPIDER_MODULE': 'scrapy_app.spiders', 'ROBOTSTXT_OBEY': True, 'SPIDER_MODULES': ['scrapy_app.spiders'], 'BOT_NAME': 'scrapy_app', 'USER_AGENT': 'Mozilla/5.0 (compatible; Googlebot/2.1; +http://www.google.com/bot.html)', 'LOG_FILE': 'logs\\default\\kompas\\b7005aaec9a411e8bf4e3863bbac1ecb.log'}
2018-10-07 03:16:43 [scrapy.middleware] INFO: Enabled extensions:
['scrapy.extensions.corestats.CoreStats',
 'scrapy.extensions.telnet.TelnetConsole',
 'scrapy.extensions.logstats.LogStats']
2018-10-07 03:16:44 [scrapy.middleware] INFO: Enabled downloader middlewares:
['scrapy.downloadermiddlewares.robotstxt.RobotsTxtMiddleware',
 'scrapy.downloadermiddlewares.httpauth.HttpAuthMiddleware',
 'scrapy.downloadermiddlewares.downloadtimeout.DownloadTimeoutMiddleware',
 'scrapy.downloadermiddlewares.defaultheaders.DefaultHeadersMiddleware',
 'scrapy.downloadermiddlewares.useragent.UserAgentMiddleware',
 'scrapy.downloadermiddlewares.retry.RetryMiddleware',
 'scrapy.downloadermiddlewares.redirect.MetaRefreshMiddleware',
 'scrapy.downloadermiddlewares.httpcompression.HttpCompressionMiddleware',
 'scrapy.downloadermiddlewares.redirect.RedirectMiddleware',
 'scrapy.downloadermiddlewares.cookies.CookiesMiddleware',
 'scrapy.downloadermiddlewares.httpproxy.HttpProxyMiddleware',
 'scrapy.downloadermiddlewares.stats.DownloaderStats']
2018-10-07 03:16:44 [scrapy.middleware] INFO: Enabled spider middlewares:
['scrapy.spidermiddlewares.httperror.HttpErrorMiddleware',
 'scrapy.spidermiddlewares.offsite.OffsiteMiddleware',
 'scrapy.spidermiddlewares.referer.RefererMiddleware',
 'scrapy.spidermiddlewares.urllength.UrlLengthMiddleware',
 'scrapy.spidermiddlewares.depth.DepthMiddleware']
2018-10-07 03:16:44 [scrapy.middleware] INFO: Enabled item pipelines:
['scrapy_app.pipelines.ScrapyAppPipeline']
2018-10-07 03:16:44 [scrapy.core.engine] INFO: Spider opened
2018-10-07 03:16:44 [scrapy.extensions.logstats] INFO: Crawled 0 pages (at 0 pages/min), scraped 0 items (at 0 items/min)
2018-10-07 03:16:44 [scrapy.extensions.telnet] DEBUG: Telnet console listening on 127.0.0.1:6023
2018-10-07 03:16:44 [scrapy.downloadermiddlewares.retry] DEBUG: Retrying <GET https://news.kompas.com/robots.txt> (failed 1 times): DNS lookup failed: no results for hostname lookup: news.kompas.com.
2018-10-07 03:16:44 [scrapy.downloadermiddlewares.retry] DEBUG: Retrying <GET https://news.kompas.com/robots.txt> (failed 2 times): DNS lookup failed: no results for hostname lookup: news.kompas.com.
2018-10-07 03:16:44 [scrapy.downloadermiddlewares.retry] DEBUG: Gave up retrying <GET https://news.kompas.com/robots.txt> (failed 3 times): DNS lookup failed: no results for hostname lookup: news.kompas.com.
2018-10-07 03:16:44 [scrapy.downloadermiddlewares.robotstxt] ERROR: Error downloading <GET https://news.kompas.com/robots.txt>: DNS lookup failed: no results for hostname lookup: news.kompas.com.
Traceback (most recent call last):
  File "d:\scrap\development\skripsi\venv\lib\site-packages\twisted\internet\defer.py", line 1416, in _inlineCallbacks
    result = result.throwExceptionIntoGenerator(g)
  File "d:\scrap\development\skripsi\venv\lib\site-packages\twisted\python\failure.py", line 491, in throwExceptionIntoGenerator
    return g.throw(self.type, self.value, self.tb)
  File "d:\scrap\development\skripsi\venv\lib\site-packages\scrapy\core\downloader\middleware.py", line 43, in process_request
    defer.returnValue((yield download_func(request=request,spider=spider)))
  File "d:\scrap\development\skripsi\venv\lib\site-packages\twisted\internet\defer.py", line 654, in _runCallbacks
    current.result = callback(current.result, *args, **kw)
  File "d:\scrap\development\skripsi\venv\lib\site-packages\twisted\internet\endpoints.py", line 975, in startConnectionAttempts
    "no results for hostname lookup: {}".format(self._hostStr)
twisted.internet.error.DNSLookupError: DNS lookup failed: no results for hostname lookup: news.kompas.com.
2018-10-07 03:16:44 [scrapy.downloadermiddlewares.retry] DEBUG: Retrying <GET https://news.kompas.com/search/2018-10-06> (failed 1 times): DNS lookup failed: no results for hostname lookup: news.kompas.com.
2018-10-07 03:16:44 [scrapy.downloadermiddlewares.retry] DEBUG: Retrying <GET https://news.kompas.com/search/2018-10-06> (failed 2 times): DNS lookup failed: no results for hostname lookup: news.kompas.com.
2018-10-07 03:16:44 [scrapy.downloadermiddlewares.retry] DEBUG: Gave up retrying <GET https://news.kompas.com/search/2018-10-06> (failed 3 times): DNS lookup failed: no results for hostname lookup: news.kompas.com.
2018-10-07 03:16:44 [scrapy.core.scraper] ERROR: Error downloading <GET https://news.kompas.com/search/2018-10-06>
Traceback (most recent call last):
  File "d:\scrap\development\skripsi\venv\lib\site-packages\twisted\internet\defer.py", line 1416, in _inlineCallbacks
    result = result.throwExceptionIntoGenerator(g)
  File "d:\scrap\development\skripsi\venv\lib\site-packages\twisted\python\failure.py", line 491, in throwExceptionIntoGenerator
    return g.throw(self.type, self.value, self.tb)
  File "d:\scrap\development\skripsi\venv\lib\site-packages\scrapy\core\downloader\middleware.py", line 43, in process_request
    defer.returnValue((yield download_func(request=request,spider=spider)))
  File "d:\scrap\development\skripsi\venv\lib\site-packages\twisted\internet\defer.py", line 654, in _runCallbacks
    current.result = callback(current.result, *args, **kw)
  File "d:\scrap\development\skripsi\venv\lib\site-packages\twisted\internet\endpoints.py", line 975, in startConnectionAttempts
    "no results for hostname lookup: {}".format(self._hostStr)
twisted.internet.error.DNSLookupError: DNS lookup failed: no results for hostname lookup: news.kompas.com.
2018-10-07 03:16:44 [scrapy.core.engine] INFO: Closing spider (finished)
2018-10-07 03:16:44 [scrapy.statscollectors] INFO: Dumping Scrapy stats:
{'downloader/exception_count': 6,
 'downloader/exception_type_count/twisted.internet.error.DNSLookupError': 6,
 'downloader/request_bytes': 1593,
 'downloader/request_count': 6,
 'downloader/request_method_count/GET': 6,
 'finish_reason': 'finished',
 'finish_time': datetime.datetime(2018, 10, 6, 20, 16, 44, 403585),
 'log_count/DEBUG': 7,
 'log_count/ERROR': 2,
 'log_count/INFO': 7,
 'retry/count': 4,
 'retry/max_reached': 2,
 'retry/reason_count/twisted.internet.error.DNSLookupError': 4,
 'scheduler/dequeued': 3,
 'scheduler/dequeued/memory': 3,
 'scheduler/enqueued': 3,
 'scheduler/enqueued/memory': 3,
 'start_time': datetime.datetime(2018, 10, 6, 20, 16, 44, 71166)}
2018-10-07 03:16:44 [scrapy.core.engine] INFO: Spider closed (finished)
